------------------------  koguryo_mouse.pjt - Release  ------------------------
[algo.c] "C:\CCStudio_v3.1\C2000\cgtools\bin\cl2000" -o3 -fr"E:/project/tms320f280x/mouse/cs_prj/Release" -d"LARGE_MODEL" -ml -v28 -@"../cs_prj/Release.lkf" "algo.c"
"algo.c", line 10: fatal error: could not open source file "DSP280x_Device.h"
1 fatal error detected in the compilation of "algo.c".
Compilation terminated.

>> Compilation failure

[DSP280x_Adc.c] "C:\CCStudio_v3.1\C2000\cgtools\bin\cl2000" -o3 -fr"E:/project/tms320f280x/mouse/cs_prj/Release" -d"LARGE_MODEL" -ml -v28 -@"../cs_prj/Release.lkf" "DSP280x_Adc.c"
"DSP280x_Adc.c", line 14: fatal error: could not open source file "DSP280x_Device.h"
1 fatal error detected in the compilation of "DSP280x_Adc.c".
Compilation terminated.

>> Compilation failure

[DSP280x_CodeStartBranch.asm] "C:\CCStudio_v3.1\C2000\cgtools\bin\cl2000" -o3 -fr"E:/project/tms320f280x/mouse/cs_prj/Release" -d"LARGE_MODEL" -ml -v28 -@"../cs_prj/Release.lkf" "DSP280x_CodeStartBranch.asm"

[DSP280x_CpuTimers.c] "C:\CCStudio_v3.1\C2000\cgtools\bin\cl2000" -o3 -fr"E:/project/tms320f280x/mouse/cs_prj/Release" -d"LARGE_MODEL" -ml -v28 -@"../cs_prj/Release.lkf" "DSP280x_CpuTimers.c"
"DSP280x_CpuTimers.c", line 23: fatal error: could not open source file "DSP280x_Device.h"
1 fatal error detected in the compilation of "DSP280x_CpuTimers.c".
Compilation terminated.

>> Compilation failure

[DSP280x_DefaultIsr.c] "C:\CCStudio_v3.1\C2000\cgtools\bin\cl2000" -o3 -fr"E:/project/tms320f280x/mouse/cs_prj/Release" -d"LARGE_MODEL" -ml -v28 -@"../cs_prj/Release.lkf" "DSP280x_DefaultIsr.c"
"DSP280x_DefaultIsr.c", line 24: fatal error: could not open source file "DSP280x_Device.h"
1 fatal error detected in the compilation of "DSP280x_DefaultIsr.c".
Compilation terminated.

>> Compilation failure

[DSP280x_EPwm.c] "C:\CCStudio_v3.1\C2000\cgtools\bin\cl2000" -o3 -fr"E:/project/tms320f280x/mouse/cs_prj/Release" -d"LARGE_MODEL" -ml -v28 -@"../cs_prj/Release.lkf" "DSP280x_EPwm.c"
"DSP280x_EPwm.c", line 14: fatal error: could not open source file "DSP280x_Device.h"
1 fatal error detected in the compilation of "DSP280x_EPwm.c".
Compilation terminated.

>> Compilation failure

[DSP280x_EQep.c] "C:\CCStudio_v3.1\C2000\cgtools\bin\cl2000" -o3 -fr"E:/project/tms320f280x/mouse/cs_prj/Release" -d"LARGE_MODEL" -ml -v28 -@"../cs_prj/Release.lkf" "DSP280x_EQep.c"
"DSP280x_EQep.c", line 14: fatal error: could not open source file "DSP280x_Device.h"
1 fatal error detected in the compilation of "DSP280x_EQep.c".
Compilation terminated.

>> Compilation failure

[DSP280x_GlobalVariableDefs.c] "C:\CCStudio_v3.1\C2000\cgtools\bin\cl2000" -o3 -fr"E:/project/tms320f280x/mouse/cs_prj/Release" -d"LARGE_MODEL" -ml -v28 -@"../cs_prj/Release.lkf" "DSP280x_GlobalVariableDefs.c"
"DSP280x_GlobalVariableDefs.c", line 14: fatal error: could not open source file "DSP280x_Device.h"
1 fatal error detected in the compilation of "DSP280x_GlobalVariableDefs.c".
Compilation terminated.

>> Compilation failure

[DSP280x_Gpio.c] "C:\CCStudio_v3.1\C2000\cgtools\bin\cl2000" -o3 -fr"E:/project/tms320f280x/mouse/cs_prj/Release" -d"LARGE_MODEL" -ml -v28 -@"../cs_prj/Release.lkf" "DSP280x_Gpio.c"
"DSP280x_Gpio.c", line 14: fatal error: could not open source file "DSP280x_Device.h"
1 fatal error detected in the compilation of "DSP280x_Gpio.c".
Compilation terminated.

>> Compilation failure

[DSP280x_MemCopy.c] "C:\CCStudio_v3.1\C2000\cgtools\bin\cl2000" -o3 -fr"E:/project/tms320f280x/mouse/cs_prj/Release" -d"LARGE_MODEL" -ml -v28 -@"../cs_prj/Release.lkf" "DSP280x_MemCopy.c"
"DSP280x_MemCopy.c", line 32: fatal error: could not open source file "DSP280x_Device.h"
1 fatal error detected in the compilation of "DSP280x_MemCopy.c".
Compilation terminated.

>> Compilation failure

[DSP280x_PieCtrl.c] "C:\CCStudio_v3.1\C2000\cgtools\bin\cl2000" -o3 -fr"E:/project/tms320f280x/mouse/cs_prj/Release" -d"LARGE_MODEL" -ml -v28 -@"../cs_prj/Release.lkf" "DSP280x_PieCtrl.c"
"DSP280x_PieCtrl.c", line 14: fatal error: could not open source file "DSP280x_Device.h"
1 fatal error detected in the compilation of "DSP280x_PieCtrl.c".
Compilation terminated.

>> Compilation failure

[DSP280x_PieVect.c] "C:\CCStudio_v3.1\C2000\cgtools\bin\cl2000" -o3 -fr"E:/project/tms320f280x/mouse/cs_prj/Release" -d"LARGE_MODEL" -ml -v28 -@"../cs_prj/Release.lkf" "DSP280x_PieVect.c"
"DSP280x_PieVect.c", line 14: fatal error: could not open source file "DSP280x_Device.h"
1 fatal error detected in the compilation of "DSP280x_PieVect.c".
Compilation terminated.

>> Compilation failure

[DSP280x_Sci.c] "C:\CCStudio_v3.1\C2000\cgtools\bin\cl2000" -o3 -fr"E:/project/tms320f280x/mouse/cs_prj/Release" -d"LARGE_MODEL" -ml -v28 -@"../cs_prj/Release.lkf" "DSP280x_Sci.c"
"DSP280x_Sci.c", line 14: fatal error: could not open source file "DSP280x_Device.h"
1 fatal error detected in the compilation of "DSP280x_Sci.c".
Compilation terminated.

>> Compilation failure

[DSP280x_Spi.c] "C:\CCStudio_v3.1\C2000\cgtools\bin\cl2000" -o3 -fr"E:/project/tms320f280x/mouse/cs_prj/Release" -d"LARGE_MODEL" -ml -v28 -@"../cs_prj/Release.lkf" "DSP280x_Spi.c"
"DSP280x_Spi.c", line 16: fatal error: could not open source file "DSP280x_Device.h"
1 fatal error detected in the compilation of "DSP280x_Spi.c".
Compilation terminated.

>> Compilation failure

[DSP280x_SysCtrl.c] "C:\CCStudio_v3.1\C2000\cgtools\bin\cl2000" -o3 -fr"E:/project/tms320f280x/mouse/cs_prj/Release" -d"LARGE_MODEL" -ml -v28 -@"../cs_prj/Release.lkf" "DSP280x_SysCtrl.c"
"DSP280x_SysCtrl.c", line 19: fatal error: could not open source file "DSP280x_Device.h"
1 fatal error detected in the compilation of "DSP280x_SysCtrl.c".
Compilation terminated.

>> Compilation failure

[DSP280x_usDelay.asm] "C:\CCStudio_v3.1\C2000\cgtools\bin\cl2000" -o3 -fr"E:/project/tms320f280x/mouse/cs_prj/Release" -d"LARGE_MODEL" -ml -v28 -@"../cs_prj/Release.lkf" "DSP280x_usDelay.asm"

[main.c] "C:\CCStudio_v3.1\C2000\cgtools\bin\cl2000" -o3 -fr"E:/project/tms320f280x/mouse/cs_prj/Release" -d"LARGE_MODEL" -ml -v28 -@"../cs_prj/Release.lkf" "main.c"
"main.c", line 13: fatal error: could not open source file "DSP280x_Device.h"
1 fatal error detected in the compilation of "main.c".
Compilation terminated.

>> Compilation failure

[menu.c] "C:\CCStudio_v3.1\C2000\cgtools\bin\cl2000" -o3 -fr"E:/project/tms320f280x/mouse/cs_prj/Release" -d"LARGE_MODEL" -ml -v28 -@"../cs_prj/Release.lkf" "menu.c"
"menu.c", line 11: fatal error: could not open source file "DSP280x_Device.h"
1 fatal error detected in the compilation of "menu.c".
Compilation terminated.

>> Compilation failure

[motor.c] "C:\CCStudio_v3.1\C2000\cgtools\bin\cl2000" -o3 -fr"E:/project/tms320f280x/mouse/cs_prj/Release" -d"LARGE_MODEL" -ml -v28 -@"../cs_prj/Release.lkf" "motor.c"
"motor.c", line 11: fatal error: could not open source file "DSP280x_Device.h"
1 fatal error detected in the compilation of "motor.c".
Compilation terminated.

>> Compilation failure

[sensor.c] "C:\CCStudio_v3.1\C2000\cgtools\bin\cl2000" -o3 -fr"E:/project/tms320f280x/mouse/cs_prj/Release" -d"LARGE_MODEL" -ml -v28 -@"../cs_prj/Release.lkf" "sensor.c"
"sensor.c", line 11: fatal error: could not open source file "DSP280x_Device.h"
1 fatal error detected in the compilation of "sensor.c".
Compilation terminated.

>> Compilation failure

[VFD.c] "C:\CCStudio_v3.1\C2000\cgtools\bin\cl2000" -o3 -fr"E:/project/tms320f280x/mouse/cs_prj/Release" -d"LARGE_MODEL" -ml -v28 -@"../cs_prj/Release.lkf" "VFD.c"
"VFD.c", line 11: fatal error: could not open source file "DSP280x_Device.h"
1 fatal error detected in the compilation of "VFD.c".
Compilation terminated.

>> Compilation failure

Build Complete,
  19 Errors, 0 Warnings, 0 Remarks.
